# JRE version: OpenJDK Runtime Environment (11.0.10) (build 11.0.10+0-b96-7249189)
# Java VM: OpenJDK 64-Bit Server VM (11.0.10+0-b96-7249189, mixed mode, tiered, compressed oops, g1 gc, windows-amd64)
Heap:
 garbage-first heap   total 260096K, used 147398K [0x0000000080000000, 0x0000000100000000)
  region size 1024K, 85 young (87040K), 13 survivors (13312K)
 Metaspace       used 81936K, capacity 84054K, committed 84172K, reserved 1122304K
  class space    used 10581K, capacity 11381K, committed 11468K, reserved 1048576K
GC Heap History (20 events):
Event: 6.457 GC heap before
{Heap before GC invocations=3 (full 0):
 garbage-first heap   total 260096K, used 54264K [0x0000000080000000, 0x0000000100000000)
  region size 1024K, 45 young (46080K), 4 survivors (4096K)
 Metaspace       used 17557K, capacity 18004K, committed 18176K, reserved 1064960K
  class space    used 2063K, capacity 2206K, committed 2304K, reserved 1048576K
}
Event: 6.465 GC heap after
{Heap after GC invocations=4 (full 0):
 garbage-first heap   total 260096K, used 16405K [0x0000000080000000, 0x0000000100000000)
  region size 1024K, 6 young (6144K), 6 survivors (6144K)
 Metaspace       used 17557K, capacity 18004K, committed 18176K, reserved 1064960K
  class space    used 2063K, capacity 2206K, committed 2304K, reserved 1048576K
}
Event: 7.164 GC heap before
{Heap before GC invocations=4 (full 0):
 garbage-first heap   total 260096K, used 42005K [0x0000000080000000, 0x0000000100000000)
  region size 1024K, 32 young (32768K), 6 survivors (6144K)
 Metaspace       used 20633K, capacity 21132K, committed 21248K, reserved 1067008K
  class space    used 2523K, capacity 2722K, committed 2816K, reserved 1048576K
}
Event: 7.172 GC heap after
{Heap after GC invocations=5 (full 0):
 garbage-first heap   total 260096K, used 17125K [0x0000000080000000, 0x0000000100000000)
  region size 1024K, 5 young (5120K), 5 survivors (5120K)
 Metaspace       used 20633K, capacity 21132K, committed 21248K, reserved 1067008K
  class space    used 2523K, capacity 2722K, committed 2816K, reserved 1048576K
}
Event: 8.859 GC heap before
{Heap before GC invocations=6 (full 0):
 garbage-first heap   total 260096K, used 70373K [0x0000000080000000, 0x0000000100000000)
  region size 1024K, 57 young (58368K), 5 survivors (5120K)
 Metaspace       used 25962K, capacity 26531K, committed 26752K, reserved 1073152K
  class space    used 3397K, capacity 3633K, committed 3712K, reserved 1048576K
}
Event: 8.872 GC heap after
{Heap after GC invocations=7 (full 0):
 garbage-first heap   total 260096K, used 18995K [0x0000000080000000, 0x0000000100000000)
  region size 1024K, 3 young (3072K), 3 survivors (3072K)
 Metaspace       used 25962K, capacity 26531K, committed 26752K, reserved 1073152K
  class space    used 3397K, capacity 3633K, committed 3712K, reserved 1048576K
}
Event: 11.465 GC heap before
{Heap before GC invocations=7 (full 0):
 garbage-first heap   total 260096K, used 74291K [0x0000000080000000, 0x0000000100000000)
  region size 1024K, 59 young (60416K), 3 survivors (3072K)
 Metaspace       used 35066K, capacity 35834K, committed 35840K, reserved 1081344K
  class space    used 4540K, capacity 4864K, committed 4864K, reserved 1048576K
}
Event: 11.481 GC heap after
{Heap after GC invocations=8 (full 0):
 garbage-first heap   total 260096K, used 22422K [0x0000000080000000, 0x0000000100000000)
  region size 1024K, 7 young (7168K), 7 survivors (7168K)
 Metaspace       used 35066K, capacity 35834K, committed 35840K, reserved 1081344K
  class space    used 4540K, capacity 4864K, committed 4864K, reserved 1048576K
}
Event: 14.847 GC heap before
{Heap before GC invocations=9 (full 0):
 garbage-first heap   total 260096K, used 117654K [0x0000000080000000, 0x0000000100000000)
  region size 1024K, 97 young (99328K), 7 survivors (7168K)
 Metaspace       used 42812K, capacity 43862K, committed 43980K, reserved 1087488K
  class space    used 5449K, capacity 5822K, committed 5836K, reserved 1048576K
}
Event: 14.867 GC heap after
{Heap after GC invocations=10 (full 0):
 garbage-first heap   total 260096K, used 28246K [0x0000000080000000, 0x0000000100000000)
  region size 1024K, 12 young (12288K), 12 survivors (12288K)
 Metaspace       used 42812K, capacity 43862K, committed 43980K, reserved 1087488K
  class space    used 5449K, capacity 5822K, committed 5836K, reserved 1048576K
}
Event: 21.526 GC heap before
{Heap before GC invocations=10 (full 0):
 garbage-first heap   total 260096K, used 175702K [0x0000000080000000, 0x0000000100000000)
  region size 1024K, 152 young (155648K), 12 survivors (12288K)
 Metaspace       used 56203K, capacity 57586K, committed 57932K, reserved 1099776K
  class space    used 7116K, capacity 7625K, committed 7756K, reserved 1048576K
}
Event: 21.560 GC heap after
{Heap after GC invocations=11 (full 0):
 garbage-first heap   total 260096K, used 42524K [0x0000000080000000, 0x0000000100000000)
  region size 1024K, 19 young (19456K), 19 survivors (19456K)
 Metaspace       used 56203K, capacity 57586K, committed 57932K, reserved 1099776K
  class space    used 7116K, capacity 7625K, committed 7756K, reserved 1048576K
}
Event: 22.217 GC heap before
{Heap before GC invocations=11 (full 0):
 garbage-first heap   total 260096K, used 55836K [0x0000000080000000, 0x0000000100000000)
  region size 1024K, 33 young (33792K), 19 survivors (19456K)
 Metaspace       used 58693K, capacity 60157K, committed 60236K, reserved 1101824K
  class space    used 7437K, capacity 7971K, committed 8012K, reserved 1048576K
}
Event: 22.263 GC heap after
{Heap after GC invocations=12 (full 0):
 garbage-first heap   total 260096K, used 45510K [0x0000000080000000, 0x0000000100000000)
  region size 1024K, 3 young (3072K), 3 survivors (3072K)
 Metaspace       used 58693K, capacity 60157K, committed 60236K, reserved 1101824K
  class space    used 7437K, capacity 7971K, committed 8012K, reserved 1048576K
}
Event: 27.272 GC heap before
{Heap before GC invocations=13 (full 0):
 garbage-first heap   total 260096K, used 138694K [0x0000000080000000, 0x0000000100000000)
  region size 1024K, 94 young (96256K), 3 survivors (3072K)
 Metaspace       used 66025K, capacity 67614K, committed 67788K, reserved 1107968K
  class space    used 8465K, capacity 9035K, committed 9164K, reserved 1048576K
}
Event: 27.299 GC heap after
{Heap after GC invocations=14 (full 0):
 garbage-first heap   total 260096K, used 51808K [0x0000000080000000, 0x0000000100000000)
  region size 1024K, 9 young (9216K), 9 survivors (9216K)
 Metaspace       used 66025K, capacity 67614K, committed 67788K, reserved 1107968K
  class space    used 8465K, capacity 9035K, committed 9164K, reserved 1048576K
}
Event: 32.908 GC heap before
{Heap before GC invocations=15 (full 0):
 garbage-first heap   total 260096K, used 152160K [0x0000000080000000, 0x0000000100000000)
  region size 1024K, 107 young (109568K), 9 survivors (9216K)
 Metaspace       used 76533K, capacity 78336K, committed 78540K, reserved 1118208K
  class space    used 9983K, capacity 10633K, committed 10700K, reserved 1048576K
}
Event: 32.941 GC heap after
{Heap after GC invocations=16 (full 0):
 garbage-first heap   total 260096K, used 58421K [0x0000000080000000, 0x0000000100000000)
  region size 1024K, 7 young (7168K), 7 survivors (7168K)
 Metaspace       used 76533K, capacity 78336K, committed 78540K, reserved 1118208K
  class space    used 9983K, capacity 10633K, committed 10700K, reserved 1048576K
}
Event: 39.330 GC heap before
{Heap before GC invocations=16 (full 0):
 garbage-first heap   total 260096K, used 161845K [0x0000000080000000, 0x0000000100000000)
  region size 1024K, 109 young (111616K), 7 survivors (7168K)
 Metaspace       used 81193K, capacity 83313K, committed 83660K, reserved 1122304K
  class space    used 10539K, capacity 11347K, committed 11468K, reserved 1048576K
}
Event: 39.369 GC heap after
{Heap after GC invocations=17 (full 0):
 garbage-first heap   total 260096K, used 64454K [0x0000000080000000, 0x0000000100000000)
  region size 1024K, 13 young (13312K), 13 survivors (13312K)
 Metaspace       used 81193K, capacity 83313K, committed 83660K, reserved 1122304K
  class space    used 10539K, capacity 11347K, committed 11468K, reserved 1048576K
}

